This is pdfTeX, Version 3.1415926-2.4-1.40.13 (TeX Live 2012) (format=pdflatex 2013.1.23)  24 SEP 2015 18:37
entering extended mode
 \write18 enabled.
 %&-line parsing enabled.
**second_year_report_rsmethurst.tex
(./second_year_report_rsmethurst.tex
LaTeX2e <2011/06/27>
Babel <v3.8m> and hyphenation patterns for english, dumylang, nohyphenation, ge
rman-x-2012-05-30, ngerman-x-2012-05-30, afrikaans, ancientgreek, ibycus, arabi
c, armenian, basque, bulgarian, catalan, pinyin, coptic, croatian, czech, danis
h, dutch, ukenglish, usenglishmax, esperanto, estonian, ethiopic, farsi, finnis
h, french, friulan, galician, german, ngerman, swissgerman, monogreek, greek, h
ungarian, icelandic, assamese, bengali, gujarati, hindi, kannada, malayalam, ma
rathi, oriya, panjabi, tamil, telugu, indonesian, interlingua, irish, italian, 
kurmanji, latin, latvian, lithuanian, mongolian, mongolianlmc, bokmal, nynorsk,
 polish, portuguese, romanian, romansh, russian, sanskrit, serbian, serbianc, s
lovak, slovenian, spanish, swedish, turkish, turkmen, ukrainian, uppersorbian, 
welsh, loaded.
(./mn2e.cls
Document Class: mn2e 2001/02/06 v2.2 LaTeX2e MN document class
Document Style `MN' v2.2, released 2001 February 20
\math@groups=\toks14
LaTeX Font Info:    Overwriting symbol font `symbols' in version `bold'
(Font)                  OMS/cmsy/b/n --> OMS/cmsy/b/n on input line 223.
\symbmisymbols=\mathgroup4
\symUPM=\mathgroup5
LaTeX Font Info:    Overwriting symbol font `UPM' in version `bold'
(Font)                  U/eur/m/n --> U/eur/b/n on input line 260.
\symAMSa=\mathgroup6
\SFB@measure=\dimen102
\realparindent=\skip41
\c@part=\count79
\c@section=\count80
\c@subsection=\count81
\c@subsubsection=\count82
\c@paragraph=\count83
\c@subparagraph=\count84
\@indentskip=\skip42
\smallindent=\skip43
\@footindent=\skip44
\@leftskip=\skip45
\c@dummy=\count85
(/usr/local/texlive/2012/texmf-dist/tex/latex/natbib/natbib.sty
Package: natbib 2010/09/13 8.31b (PWD, AO)
\bibhang=\skip46
\bibsep=\skip47
LaTeX Info: Redefining \cite on input line 694.
\c@NAT@ctr=\count86
)
\c@table=\count87
\c@figure=\count88
\mathindent=\dimen103
)
(/usr/local/texlive/2012/texmf-dist/tex/latex/mdwtools/footnote.sty
Package: footnote 1997/01/28 1.13 Save footnotes around boxes
\fn@notes=\box26
\fn@width=\dimen104
)
(/usr/local/texlive/2012/texmf-dist/tex/latex/graphics/graphicx.sty
Package: graphicx 1999/02/16 v1.0f Enhanced LaTeX Graphics (DPC,SPQR)

(/usr/local/texlive/2012/texmf-dist/tex/latex/graphics/keyval.sty
Package: keyval 1999/03/16 v1.13 key=value parser (DPC)
\KV@toks@=\toks15
)
(/usr/local/texlive/2012/texmf-dist/tex/latex/graphics/graphics.sty
Package: graphics 2009/02/05 v1.0o Standard LaTeX Graphics (DPC,SPQR)

(/usr/local/texlive/2012/texmf-dist/tex/latex/graphics/trig.sty
Package: trig 1999/03/16 v1.09 sin cos tan (DPC)
)
(/usr/local/texlive/2012/texmf-dist/tex/latex/latexconfig/graphics.cfg
File: graphics.cfg 2010/04/23 v1.9 graphics configuration of TeX Live
)
Package graphics Info: Driver file: pdftex.def on input line 91.

(/usr/local/texlive/2012/texmf-dist/tex/latex/pdftex-def/pdftex.def
File: pdftex.def 2011/05/27 v0.06d Graphics/color for pdfTeX

(/usr/local/texlive/2012/texmf-dist/tex/generic/oberdiek/infwarerr.sty
Package: infwarerr 2010/04/08 v1.3 Providing info/warning/error messages (HO)
)
(/usr/local/texlive/2012/texmf-dist/tex/generic/oberdiek/ltxcmds.sty
Package: ltxcmds 2011/11/09 v1.22 LaTeX kernel commands for general use (HO)
)
\Gread@gobject=\count89
))
\Gin@req@height=\dimen105
\Gin@req@width=\dimen106
)
(/usr/local/texlive/2012/texmf-dist/tex/latex/amsmath/amsmath.sty
Package: amsmath 2000/07/18 v2.13 AMS math features
\@mathmargin=\skip48

For additional information on amsmath, use the `?' option.
(/usr/local/texlive/2012/texmf-dist/tex/latex/amsmath/amstext.sty
Package: amstext 2000/06/29 v2.01

(/usr/local/texlive/2012/texmf-dist/tex/latex/amsmath/amsgen.sty
File: amsgen.sty 1999/11/30 v2.0
\@emptytoks=\toks16
\ex@=\dimen107
))
(/usr/local/texlive/2012/texmf-dist/tex/latex/amsmath/amsbsy.sty
Package: amsbsy 1999/11/29 v1.2d
\pmbraise@=\dimen108
)
(/usr/local/texlive/2012/texmf-dist/tex/latex/amsmath/amsopn.sty
Package: amsopn 1999/12/14 v2.01 operator names
)
\inf@bad=\count90
LaTeX Info: Redefining \frac on input line 211.
\uproot@=\count91
\leftroot@=\count92
LaTeX Info: Redefining \overline on input line 307.
\classnum@=\count93
\DOTSCASE@=\count94
LaTeX Info: Redefining \ldots on input line 379.
LaTeX Info: Redefining \dots on input line 382.
LaTeX Info: Redefining \cdots on input line 467.
\Mathstrutbox@=\box27
\strutbox@=\box28
\big@size=\dimen109
LaTeX Font Info:    Redeclaring font encoding OML on input line 567.
LaTeX Font Info:    Redeclaring font encoding OMS on input line 568.
\macc@depth=\count95
\c@MaxMatrixCols=\count96
\dotsspace@=\muskip10
\c@parentequation=\count97
\dspbrk@lvl=\count98
\tag@help=\toks17
\row@=\count99
\column@=\count100
\maxfields@=\count101
\andhelp@=\toks18
\eqnshift@=\dimen110
\alignsep@=\dimen111
\tagshift@=\dimen112
\tagwidth@=\dimen113
\totwidth@=\dimen114
\lineht@=\dimen115
\@envbody=\toks19
\multlinegap=\skip49
\multlinetaggap=\skip50
\mathdisplay@stack=\toks20
LaTeX Info: Redefining \[ on input line 2666.
LaTeX Info: Redefining \] on input line 2667.
)
(/usr/local/texlive/2012/texmf-dist/tex/latex/tools/array.sty
Package: array 2008/09/09 v2.4c Tabular extension package (FMi)
\col@sep=\dimen116
\extrarowheight=\dimen117
\NC@list=\toks21
\extratabsurround=\skip51
\backup@length=\skip52
)
(/usr/local/texlive/2012/texmf-dist/tex/latex/graphics/color.sty
Package: color 2005/11/14 v1.0j Standard LaTeX Color (DPC)

(/usr/local/texlive/2012/texmf-dist/tex/latex/latexconfig/color.cfg
File: color.cfg 2007/01/18 v1.5 color configuration of teTeX/TeXLive
)
Package color Info: Driver file: pdftex.def on input line 130.
)
(/usr/local/texlive/2012/texmf-dist/tex/latex/url/url.sty
\Urlmuskip=\muskip11
Package: url 2006/04/12  ver 3.3  Verb mode for urls, etc.
)
(/usr/local/texlive/2012/texmf-dist/tex/latex/multirow/multirow.sty
\bigstrutjot=\dimen118
)
(./second_year_report_rsmethurst.aux)
\openout1 = `second_year_report_rsmethurst.aux'.

LaTeX Font Info:    Checking defaults for OML/cmm/m/it on input line 17.
LaTeX Font Info:    ... okay on input line 17.
LaTeX Font Info:    Checking defaults for T1/cmr/m/n on input line 17.
LaTeX Font Info:    ... okay on input line 17.
LaTeX Font Info:    Checking defaults for OT1/cmr/m/n on input line 17.
LaTeX Font Info:    ... okay on input line 17.
LaTeX Font Info:    Checking defaults for OMS/cmsy/m/n on input line 17.
LaTeX Font Info:    ... okay on input line 17.
LaTeX Font Info:    Checking defaults for OMX/cmex/m/n on input line 17.
LaTeX Font Info:    ... okay on input line 17.
LaTeX Font Info:    Checking defaults for U/cmr/m/n on input line 17.
LaTeX Font Info:    ... okay on input line 17.

(/usr/local/texlive/2012/texmf-dist/tex/context/base/supp-pdf.mkii
[Loading MPS to PDF converter (version 2006.09.02).]
\scratchcounter=\count102
\scratchdimen=\dimen119
\scratchbox=\box29
\nofMPsegments=\count103
\nofMParguments=\count104
\everyMPshowfont=\toks22
\MPscratchCnt=\count105
\MPscratchDim=\dimen120
\MPnumerator=\count106
\makeMPintoPDFobject=\count107
\everyMPtoPDFconversion=\toks23
) (/usr/local/texlive/2012/texmf-dist/tex/generic/oberdiek/pdftexcmds.sty
Package: pdftexcmds 2011/11/29 v0.20 Utility functions of pdfTeX for LuaTeX (HO
)

(/usr/local/texlive/2012/texmf-dist/tex/generic/oberdiek/ifluatex.sty
Package: ifluatex 2010/03/01 v1.3 Provides the ifluatex switch (HO)
Package ifluatex Info: LuaTeX not detected.
)
(/usr/local/texlive/2012/texmf-dist/tex/generic/oberdiek/ifpdf.sty
Package: ifpdf 2011/01/30 v2.3 Provides the ifpdf switch (HO)
Package ifpdf Info: pdfTeX in PDF mode is detected.
)
Package pdftexcmds Info: LuaTeX not detected.
Package pdftexcmds Info: \pdf@primitive is available.
Package pdftexcmds Info: \pdf@ifprimitive is available.
Package pdftexcmds Info: \pdfdraftmode found.
)
(/usr/local/texlive/2012/texmf-dist/tex/latex/oberdiek/epstopdf-base.sty
Package: epstopdf-base 2010/02/09 v2.5 Base part for package epstopdf

(/usr/local/texlive/2012/texmf-dist/tex/latex/oberdiek/grfext.sty
Package: grfext 2010/08/19 v1.1 Manage graphics extensions (HO)

(/usr/local/texlive/2012/texmf-dist/tex/generic/oberdiek/kvdefinekeys.sty
Package: kvdefinekeys 2011/04/07 v1.3 Define keys (HO)
))
(/usr/local/texlive/2012/texmf-dist/tex/latex/oberdiek/kvoptions.sty
Package: kvoptions 2011/06/30 v3.11 Key value format for package options (HO)

(/usr/local/texlive/2012/texmf-dist/tex/generic/oberdiek/kvsetkeys.sty
Package: kvsetkeys 2012/04/25 v1.16 Key value parser (HO)

(/usr/local/texlive/2012/texmf-dist/tex/generic/oberdiek/etexcmds.sty
Package: etexcmds 2011/02/16 v1.5 Avoid name clashes with e-TeX commands (HO)
Package etexcmds Info: Could not find \expanded.
(etexcmds)             That can mean that you are not using pdfTeX 1.50 or
(etexcmds)             that some package has redefined \expanded.
(etexcmds)             In the latter case, load this package earlier.
)))
Package grfext Info: Graphics extension search list:
(grfext)             [.png,.pdf,.jpg,.mps,.jpeg,.jbig2,.jb2,.PNG,.PDF,.JPG,.JPE
G,.JBIG2,.JB2,.eps]
(grfext)             \AppendGraphicsExtensions on input line 452.

(/usr/local/texlive/2012/texmf-dist/tex/latex/latexconfig/epstopdf-sys.cfg
File: epstopdf-sys.cfg 2010/07/13 v1.3 Configuration of (r)epstopdf for TeX Liv
e
))
LaTeX Font Info:    Try loading font information for U+eur on input line 23.

(/usr/local/texlive/2012/texmf-dist/tex/latex/amsfonts/ueur.fd
File: ueur.fd 2009/06/22 v3.00 Euler Roman
)
LaTeX Font Info:    Try loading font information for U+msa on input line 23.

(/usr/local/texlive/2012/texmf-dist/tex/latex/amsfonts/umsa.fd
File: umsa.fd 2009/06/22 v3.00 AMS symbols A
)
Underfull \hbox (badness 10000) in paragraph at lines 25--26

 []


Underfull \vbox (badness 10000) has occurred while \output is active []


Underfull \vbox (badness 10000) has occurred while \output is active []

LaTeX Font Info:    Try loading font information for OMS+cmr on input line 47.

(/usr/local/texlive/2012/texmf-dist/tex/latex/base/omscmr.fd
File: omscmr.fd 1999/05/25 v2.5h Standard LaTeX font definitions
)
LaTeX Font Info:    Font shape `OMS/cmr/m/n' in size <8> not available
(Font)              Font shape `OMS/cmsy/m/n' tried instead on input line 47.
 [1{/usr/local/texlive/2012/texmf-var/fonts/map/pdftex/updmap/pdftex.map}


]
<red_smooth.pdf, id=17, 451.6875pt x 451.6875pt>
File: red_smooth.pdf Graphic file (type pdf)
 <use red_smooth.pdf>
Package pdftex.def Info: red_smooth.pdf used on input line 63.
(pdftex.def)             Requested size: 250.73877pt x 250.74466pt.

<red_disc.pdf, id=18, 451.6875pt x 451.6875pt>
File: red_disc.pdf Graphic file (type pdf)
 <use red_disc.pdf>
Package pdftex.def Info: red_disc.pdf used on input line 64.
(pdftex.def)             Requested size: 250.73877pt x 250.74466pt.

<green_smooth.pdf, id=19, 451.6875pt x 451.6875pt>
File: green_smooth.pdf Graphic file (type pdf)
 <use green_smooth.pdf>
Package pdftex.def Info: green_smooth.pdf used on input line 70.
(pdftex.def)             Requested size: 250.73877pt x 250.74466pt.

<green_disc.pdf, id=20, 451.6875pt x 451.6875pt>
File: green_disc.pdf Graphic file (type pdf)
 <use green_disc.pdf>
Package pdftex.def Info: green_disc.pdf used on input line 71.
(pdftex.def)             Requested size: 250.73877pt x 250.74466pt.

<GZ2_GALEX_sample_bpt_diagram_SNR_gtr_3_type_1_seyferts_only_better_quality.pdf
, id=21, 1084.05pt x 361.35pt>
File: GZ2_GALEX_sample_bpt_diagram_SNR_gtr_3_type_1_seyferts_only_better_qualit
y.pdf Graphic file (type pdf)

<use GZ2_GALEX_sample_bpt_diagram_SNR_gtr_3_type_1_seyferts_only_better_quality
.pdf>
Package pdftex.def Info: GZ2_GALEX_sample_bpt_diagram_SNR_gtr_3_type_1_seyferts
_only_better_quality.pdf used on input line 92.
(pdftex.def)             Requested size: 473.76123pt x 157.91931pt.

! Illegal parameter number in definition of \reserved@a.
<to be read again> 
                   1
l.93 ...nequalities to be classified as Seyferts.}
                                                  
? 
! Illegal parameter number in definition of \reserved@a.
<to be read again> 
                   1
l.93 ...nequalities to be classified as Seyferts.}
                                                  
? 
! Illegal parameter number in definition of \reserved@a.
<to be read again> 
                   1
l.93 ...nequalities to be classified as Seyferts.}
                                                  
? 
! Illegal parameter number in definition of \reserved@a.
<to be read again> 
                   1
l.93 ...nequalities to be classified as Seyferts.}
                                                  
? 
! Illegal parameter number in definition of \reserved@a.
<to be read again> 
                   1
l.93 ...nequalities to be classified as Seyferts.}
                                                  
? 
! Illegal parameter number in definition of \reserved@a.
<to be read again> 
                   1
l.93 ...nequalities to be classified as Seyferts.}
                                                  
? 

Underfull \hbox (badness 10000) in paragraph at lines 97--98
[]\OT1/cmr/m/n/9 We spec-u-late that the in-ter-me-di-ate quench-ing
 []


Underfull \hbox (badness 1406) in paragraph at lines 97--98
\OT1/cmr/m/n/9 merg-ers with-out black hole feed-back and from mi-nor
 []


Underfull \vbox (badness 3690) has occurred while \output is active []

 [2]
Underfull \vbox (badness 10000) has occurred while \output is active []

 [3 <./red_smooth.pdf> <./red_disc.pdf

pdfTeX warning: /usr/texbin/pdflatex (file ./red_disc.pdf): PDF inclusion: mult
iple pdfs with page group included in a single page
> <./green_smooth.pdf

pdfTeX warning: /usr/texbin/pdflatex (file ./green_smooth.pdf): PDF inclusion: 
multiple pdfs with page group included in a single page
> <./green_disc.pdf

pdfTeX warning: /usr/texbin/pdflatex (file ./green_disc.pdf): PDF inclusion: mu
ltiple pdfs with page group included in a single page
>]

LaTeX Warning: Reference `starpy' on page 4 undefined on input line 114.


<quenching_time_histograms_smooth_red_disc_blue_verticalbpt_seyf_only_hardcut_m
inimal.pdf, id=1014, 867.24pt x 650.43pt>
File: quenching_time_histograms_smooth_red_disc_blue_verticalbpt_seyf_only_hard
cut_minimal.pdf Graphic file (type pdf)

<use quenching_time_histograms_smooth_red_disc_blue_verticalbpt_seyf_only_hardc
ut_minimal.pdf>
Package pdftex.def Info: quenching_time_histograms_smooth_red_disc_blue_vertica
lbpt_seyf_only_hardcut_minimal.pdf used on input line 118.
(pdftex.def)             Requested size: 244.4403pt x 183.32997pt.

Overfull \hbox (4.4403pt too wide) in paragraph at lines 118--119
[][] 
 []


<quenching_rate_histograms_smooth_red_disc_blue_verticalbpt_seyf_only_hardcut_m
inimal.pdf, id=1015, 867.24pt x 650.43pt>
File: quenching_rate_histograms_smooth_red_disc_blue_verticalbpt_seyf_only_hard
cut_minimal.pdf Graphic file (type pdf)

<use quenching_rate_histograms_smooth_red_disc_blue_verticalbpt_seyf_only_hardc
ut_minimal.pdf>
Package pdftex.def Info: quenching_rate_histograms_smooth_red_disc_blue_vertica
lbpt_seyf_only_hardcut_minimal.pdf used on input line 124.
(pdftex.def)             Requested size: 244.4403pt x 183.32997pt.

Overfull \hbox (4.4403pt too wide) in paragraph at lines 124--125
[][] 
 []


Underfull \vbox (badness 10000) has occurred while \output is active []

 [4 <./GZ2_GALEX_sample_bpt_diagram_SNR_gtr_3_type_1_seyferts_only_better_quali
ty.pdf>]
[5 <./quenching_time_histograms_smooth_red_disc_blue_verticalbpt_seyf_only_hard
cut_minimal.pdf> <./quenching_rate_histograms_smooth_red_disc_blue_verticalbpt_
seyf_only_hardcut_minimal.pdf

pdfTeX warning: /usr/texbin/pdflatex (file ./quenching_rate_histograms_smooth_r
ed_disc_blue_verticalbpt_seyf_only_hardcut_minimal.pdf): PDF inclusion: multipl
e pdfs with page group included in a single page
>] [6] (./second_year_report_rsmethurst.aux)

LaTeX Warning: There were undefined references.

 ) 
Here is how much of TeX's memory you used:
 3122 strings out of 493488
 42341 string characters out of 3141326
 114000 words of memory out of 3000000
 6362 multiletter control sequences out of 15000+200000
 18559 words of font info for 66 fonts, out of 3000000 for 9000
 957 hyphenation exceptions out of 8191
 38i,11n,34p,1287b,295s stack positions out of 5000i,500n,10000p,200000b,50000s
</usr/local/texlive/2012/texmf-dist/fonts/type1/public/amsfonts/cm/cmbx12.pfb
></usr/local/texlive/2012/texmf-dist/fonts/type1/public/amsfonts/cm/cmbx8.pfb><
/usr/local/texlive/2012/texmf-dist/fonts/type1/public/amsfonts/cm/cmbx9.pfb></u
sr/local/texlive/2012/texmf-dist/fonts/type1/public/amsfonts/cm/cmcsc10.pfb></u
sr/local/texlive/2012/texmf-dist/fonts/type1/public/amsfonts/cmextra/cmex9.pfb>
</usr/local/texlive/2012/texmf-dist/fonts/type1/public/amsfonts/cm/cmmi5.pfb></
usr/local/texlive/2012/texmf-dist/fonts/type1/public/amsfonts/cm/cmmi6.pfb></us
r/local/texlive/2012/texmf-dist/fonts/type1/public/amsfonts/cm/cmmi8.pfb></usr/
local/texlive/2012/texmf-dist/fonts/type1/public/amsfonts/cm/cmmi9.pfb></usr/lo
cal/texlive/2012/texmf-dist/fonts/type1/public/amsfonts/cm/cmr10.pfb></usr/loca
l/texlive/2012/texmf-dist/fonts/type1/public/amsfonts/cm/cmr12.pfb></usr/local/
texlive/2012/texmf-dist/fonts/type1/public/amsfonts/cm/cmr6.pfb></usr/local/tex
live/2012/texmf-dist/fonts/type1/public/amsfonts/cm/cmr8.pfb></usr/local/texliv
e/2012/texmf-dist/fonts/type1/public/amsfonts/cm/cmr9.pfb></usr/local/texlive/2
012/texmf-dist/fonts/type1/public/amsfonts/cm/cmsy6.pfb></usr/local/texlive/201
2/texmf-dist/fonts/type1/public/amsfonts/cm/cmsy8.pfb></usr/local/texlive/2012/
texmf-dist/fonts/type1/public/amsfonts/cm/cmsy9.pfb></usr/local/texlive/2012/te
xmf-dist/fonts/type1/public/amsfonts/cm/cmti12.pfb></usr/local/texlive/2012/tex
mf-dist/fonts/type1/public/amsfonts/cm/cmti8.pfb></usr/local/texlive/2012/texmf
-dist/fonts/type1/public/amsfonts/cm/cmti9.pfb></usr/local/texlive/2012/texmf-d
ist/fonts/type1/public/amsfonts/cm/cmtt8.pfb></usr/local/texlive/2012/texmf-dis
t/fonts/type1/public/amsfonts/symbols/msam10.pfb>
Output written on second_year_report_rsmethurst.pdf (6 pages, 1608883 bytes).
PDF statistics:
 1314 PDF objects out of 1440 (max. 8388607)
 186 compressed objects within 2 object streams
 0 named destinations out of 1000 (max. 500000)
 36 words of extra memory for PDF output out of 10000 (max. 10000000)

